<details> <summary> <b>openwrt-passwall new commit log :rocket: </b> </summary>

SHA|Author|Date|Message
-|-|-|-
8a36ddd|A-BO|Sun Apr 19 03:43:39 2026 +0800|luci: optimize haproxy
b231260|A-BO|Fri Apr 17 03:06:05 2026 +0800|luci: socks backup nodes support adjusting order
20f7d42|A-BO|Wed Apr 15 13:45:41 2026 +0800|luci: 26.4.15
57d56da|A-BO|Wed Apr 15 11:10:27 2026 +0800|luci: optimize node `user-agent` config options
4993015|A-BO|Wed Apr 15 10:07:12 2026 +0800|luci: add `cwndmultiplier` support for mkcp and remove its rarely used config options
b902cfa|A-BO|Tue Apr 14 23:05:11 2026 +0800|luci: adjust and fix
3b61837|A-BO|Tue Apr 14 00:44:04 2026 +0800|luci: optimize dns logic for redir and acl
5033270|A-BO|Mon Apr 13 23:09:46 2026 +0800|luci: refresh the preproxy node of the shunt node when subscribe
a6538ac|A-BO|Mon Apr 13 22:20:16 2026 +0800|luci: optimize the logic of adding wan_ip to ipset/nftset (#4333)
78f4955|lwb1978|Sun Apr 12 23:16:44 2026 +0800|luci: adjust and optimize
b431aed|lwb1978|Sun Apr 12 21:53:22 2026 +0800|luci: optimize hotplug logic
d053603|A-BO|Sat Apr 11 17:56:14 2026 +0800|luci: optimize
3696b9d|A-BO|Sat Apr 11 14:44:50 2026 +0800|luci: optimize the vpslist dns for xray
ff71a18|lwb1978|Sat Apr 11 01:16:47 2026 +0800|luci: merge identical DNS servers for node domain resolver
8d0c9e3|A-BO|Fri Apr 10 13:32:08 2026 +0800|luci: add xray/sing-box config file verification

.....................

</details>
